(0000) 3000  0011000000000000 (  11)                 .ORIG x3000
(3000) 0050  0000000001010000 (  16) PROMPT          .FILL x0050
(3001) 006C  0000000001101100 (  16)                 .FILL x006C
(3002) 0065  0000000001100101 (  16)                 .FILL x0065
(3003) 0061  0000000001100001 (  16)                 .FILL x0061
(3004) 0073  0000000001110011 (  16)                 .FILL x0073
(3005) 0065  0000000001100101 (  16)                 .FILL x0065
(3006) 0020  0000000000100000 (  16)                 .FILL x0020
(3007) 0065  0000000001100101 (  16)                 .FILL x0065
(3008) 006E  0000000001101110 (  16)                 .FILL x006E
(3009) 0074  0000000001110100 (  16)                 .FILL x0074
(300A) 0065  0000000001100101 (  16)                 .FILL x0065
(300B) 0072  0000000001110010 (  16)                 .FILL x0072
(300C) 0020  0000000000100000 (  16)                 .FILL x0020
(300D) 0079  0000000001111001 (  16)                 .FILL x0079
(300E) 006F  0000000001101111 (  16)                 .FILL x006F
(300F) 0075  0000000001110101 (  16)                 .FILL x0075
(3010) 0072  0000000001110010 (  16)                 .FILL x0072
(3011) 0020  0000000000100000 (  16)                 .FILL x0020
(3012) 0066  0000000001100110 (  16)                 .FILL x0066
(3013) 0075  0000000001110101 (  16)                 .FILL x0075
(3014) 006C  0000000001101100 (  16)                 .FILL x006C
(3015) 006C  0000000001101100 (  16)                 .FILL x006C
(3016) 0020  0000000000100000 (  16)                 .FILL x0020
(3017) 006E  0000000001101110 (  16)                 .FILL x006E
(3018) 0061  0000000001100001 (  16)                 .FILL x0061
(3019) 006D  0000000001101101 (  16)                 .FILL x006D
(301A) 0065  0000000001100101 (  16)                 .FILL x0065
(301B) 0020  0000000000100000 (  16)                 .FILL x0020
(301C) 0061  0000000001100001 (  16)                 .FILL x0061
(301D) 006E  0000000001101110 (  16)                 .FILL x006E
(301E) 0064  0000000001100100 (  16)                 .FILL x0064
(301F) 0020  0000000000100000 (  16)                 .FILL x0020
(3020) 0068  0000000001101000 (  16)                 .FILL x0068
(3021) 0069  0000000001101001 (  16)                 .FILL x0069
(3022) 0074  0000000001110100 (  16)                 .FILL x0074
(3023) 0020  0000000000100000 (  16)                 .FILL x0020
(3024) 0065  0000000001100101 (  16)                 .FILL x0065
(3025) 006E  0000000001101110 (  16)                 .FILL x006E
(3026) 0074  0000000001110100 (  16)                 .FILL x0074
(3027) 0065  0000000001100101 (  16)                 .FILL x0065
(3028) 0072  0000000001110010 (  16)                 .FILL x0072
(3029) 003A  0000000000111010 (  16)                 .FILL x003A
(302A) 0020  0000000000100000 (  16)                 .FILL x0020
(302B) 000A  0000000000001010 (  16)                 .FILL x000A
(302C) 0000  0000000000000000 (  16)                 .FILL x0000
(302D) 0000  0000000000000000 (  22) INP             .FILL x0000
(302E) 0000  0000000000000000 (  22)                 .FILL x0000
(302F) 0000  0000000000000000 (  22)                 .FILL x0000
(3030) 0000  0000000000000000 (  22)                 .FILL x0000
(3031) 0000  0000000000000000 (  22)                 .FILL x0000
(3032) 0000  0000000000000000 (  22)                 .FILL x0000
(3033) 0000  0000000000000000 (  22)                 .FILL x0000
(3034) 0000  0000000000000000 (  22)                 .FILL x0000
(3035) 0000  0000000000000000 (  22)                 .FILL x0000
(3036) 0000  0000000000000000 (  22)                 .FILL x0000
(3037) 0000  0000000000000000 (  22)                 .FILL x0000
(3038) 0000  0000000000000000 (  22)                 .FILL x0000
(3039) 0000  0000000000000000 (  22)                 .FILL x0000
(303A) 0000  0000000000000000 (  22)                 .FILL x0000
(303B) 0000  0000000000000000 (  22)                 .FILL x0000
(303C) 0000  0000000000000000 (  22)                 .FILL x0000
(303D) 0000  0000000000000000 (  22)                 .FILL x0000
(303E) 0000  0000000000000000 (  22)                 .FILL x0000
(303F) 0000  0000000000000000 (  22)                 .FILL x0000
(3040) 0000  0000000000000000 (  22)                 .FILL x0000
(3041) 0000  0000000000000000 (  22)                 .FILL x0000
(3042) 0000  0000000000000000 (  22)                 .FILL x0000
(3043) 0000  0000000000000000 (  22)                 .FILL x0000
(3044) 0000  0000000000000000 (  22)                 .FILL x0000
(3045) 0000  0000000000000000 (  22)                 .FILL x0000
(3046) 0000  0000000000000000 (  22)                 .FILL x0000
(3047) 0000  0000000000000000 (  22)                 .FILL x0000
(3048) 0000  0000000000000000 (  22)                 .FILL x0000
(3049) 0000  0000000000000000 (  22)                 .FILL x0000
(304A) 0000  0000000000000000 (  22)                 .FILL x0000
(304B) 0000  0000000000000000 (  22)                 .FILL x0000
(304C) 0000  0000000000000000 (  22)                 .FILL x0000
(304D) 0000  0000000000000000 (  22)                 .FILL x0000
(304E) 0000  0000000000000000 (  22)                 .FILL x0000
(304F) 0000  0000000000000000 (  22)                 .FILL x0000
(3050) 0000  0000000000000000 (  22)                 .FILL x0000
(3051) 0000  0000000000000000 (  22)                 .FILL x0000
(3052) 0000  0000000000000000 (  22)                 .FILL x0000
(3053) 0000  0000000000000000 (  22)                 .FILL x0000
(3054) 0000  0000000000000000 (  22)                 .FILL x0000
(3055) 0000  0000000000000000 (  22)                 .FILL x0000
(3056) 0000  0000000000000000 (  22)                 .FILL x0000
(3057) 0000  0000000000000000 (  22)                 .FILL x0000
(3058) 0000  0000000000000000 (  22)                 .FILL x0000
(3059) 0000  0000000000000000 (  22)                 .FILL x0000
(305A) 0000  0000000000000000 (  22)                 .FILL x0000
(305B) 0000  0000000000000000 (  22)                 .FILL x0000
(305C) 0000  0000000000000000 (  22)                 .FILL x0000
(305D) 0000  0000000000000000 (  22)                 .FILL x0000
(305E) 0000  0000000000000000 (  22)                 .FILL x0000
(305F) ECF0  1110110011110000 (  22)                 LEA   R6 RSA
(3060) 4803  0100100000000011 (  23)                 JSR   INPUT
(3061) 4860  0100100001100000 (  24)                 JSR   VALIDATE
(3062) 48AC  0100100010101100 (  25)                 JSR   OUTPUT
(3063) F025  1111000000100101 (  27)                 TRAP  x25
(3064) 7180  0111000110000000 (  36) INPUT           STR   R0 R6 #0
(3065) 7381  0111001110000001 (  37)                 STR   R1 R6 #1
(3066) 7582  0111010110000010 (  38)                 STR   R2 R6 #2
(3067) 7783  0111011110000011 (  39)                 STR   R3 R6 #3
(3068) 7984  0111100110000100 (  40)                 STR   R4 R6 #4
(3069) 7B85  0111101110000101 (  41)                 STR   R5 R6 #5
(306A) 7F87  0111111110000111 (  42)                 STR   R7 R6 #7
(306B) E194  1110000110010100 (  44)                 LEA   R0 PROMPT
(306C) F022  1111000000100010 (  45)                 TRAP  x22
(306D) E7BF  1110011110111111 (  47)                 LEA   R3 INP
(306E) 5260  0101001001100000 (  49)                 AND   R1 R1 #0
(306F) F020  1111000000100000 (  50)                 TRAP  x20
(3070) 1261  0001001001100001 (  51)                 ADD   R1 R1 #1
(3071) F021  1111000000100001 (  52)                 TRAP  x21
(3072) 28EB  0010100011101011 (  56) INLOOP          LD    R4 IN_LEN
(3073) 993F  1001100100111111 (  57)                 NOT   R4 R4
(3074) 1921  0001100100100001 (  58)                 ADD   R4 R4 #1
(3075) 1244  0001001001000100 (  59)                 ADD   R1 R1 R4
(3076) 0414  0000010000010100 (  60)                 BRZ   INDONE
(3077) 28E6  0010100011100110 (  61)                 LD    R4 IN_LEN
(3078) 1244  0001001001000100 (  62)                 ADD   R1 R1 R4
(3079) 24E3  0010010011100011 (  64)                 LD    R2 ASC_NL
(307A) 94BF  1001010010111111 (  65)                 NOT   R2 R2
(307B) 14A1  0001010010100001 (  66)                 ADD   R2 R2 #1
(307C) 1002  0001000000000010 (  67)                 ADD   R0 R0 R2
(307D) 040D  0000010000001101 (  68)                 BRZ   INDONE
(307E) 24DE  0010010011011110 (  69)                 LD    R2 ASC_NL
(307F) 1002  0001000000000010 (  70)                 ADD   R0 R0 R2
(3080) 1643  0001011001000011 (  72)                 ADD   R3 R1 R3
(3081) 70FF  0111000011111111 (  73)                 STR   R0 R3 #-1
(3082) 927F  1001001001111111 (  74)                 NOT   R1 R1
(3083) 1261  0001001001100001 (  75)                 ADD   R1 R1 #1
(3084) 1643  0001011001000011 (  76)                 ADD   R3 R1 R3
(3085) 927F  1001001001111111 (  77)                 NOT   R1 R1
(3086) 1261  0001001001100001 (  78)                 ADD   R1 R1 #1
(3087) F020  1111000000100000 (  80)                 TRAP  x20
(3088) F021  1111000000100001 (  81)                 TRAP  x21
(3089) 1261  0001001001100001 (  82)                 ADD   R1 R1 #1
(308A) 0FE7  0000111111100111 (  83)                 BRNZP INLOOP
(308B) 6180  0110000110000000 (  87) INDONE          LDR   R0 R6 #0
(308C) 6381  0110001110000001 (  88)                 LDR   R1 R6 #1
(308D) 6582  0110010110000010 (  89)                 LDR   R2 R6 #2
(308E) 6783  0110011110000011 (  90)                 LDR   R3 R6 #3
(308F) 6984  0110100110000100 (  91)                 LDR   R4 R6 #4
(3090) 6B85  0110101110000101 (  92)                 LDR   R5 R6 #5
(3091) 6F87  0110111110000111 (  93)                 LDR   R7 R6 #7
(3092) C1C0  1100000111000000 (  94)                 RET   
(3093) E002  1110000000000010 ( 102) INVALID         LEA   R0 ERR
(3094) F022  1111000000100010 ( 103)                 TRAP  x22
(3095) F025  1111000000100101 ( 104)                 TRAP  x25
(3096) 0049  0000000001001001 ( 105) ERR             .FILL x0049
(3097) 006C  0000000001101100 ( 105)                 .FILL x006C
(3098) 006C  0000000001101100 ( 105)                 .FILL x006C
(3099) 0065  0000000001100101 ( 105)                 .FILL x0065
(309A) 0067  0000000001100111 ( 105)                 .FILL x0067
(309B) 0061  0000000001100001 ( 105)                 .FILL x0061
(309C) 006C  0000000001101100 ( 105)                 .FILL x006C
(309D) 0020  0000000000100000 ( 105)                 .FILL x0020
(309E) 0063  0000000001100011 ( 105)                 .FILL x0063
(309F) 0068  0000000001101000 ( 105)                 .FILL x0068
(30A0) 0061  0000000001100001 ( 105)                 .FILL x0061
(30A1) 0072  0000000001110010 ( 105)                 .FILL x0072
(30A2) 0061  0000000001100001 ( 105)                 .FILL x0061
(30A3) 0063  0000000001100011 ( 105)                 .FILL x0063
(30A4) 0074  0000000001110100 ( 105)                 .FILL x0074
(30A5) 0065  0000000001100101 ( 105)                 .FILL x0065
(30A6) 0072  0000000001110010 ( 105)                 .FILL x0072
(30A7) 0020  0000000000100000 ( 105)                 .FILL x0020
(30A8) 0065  0000000001100101 ( 105)                 .FILL x0065
(30A9) 006E  0000000001101110 ( 105)                 .FILL x006E
(30AA) 0074  0000000001110100 ( 105)                 .FILL x0074
(30AB) 0065  0000000001100101 ( 105)                 .FILL x0065
(30AC) 0072  0000000001110010 ( 105)                 .FILL x0072
(30AD) 0065  0000000001100101 ( 105)                 .FILL x0065
(30AE) 0064  0000000001100100 ( 105)                 .FILL x0064
(30AF) 002E  0000000000101110 ( 105)                 .FILL x002E
(30B0) 0020  0000000000100000 ( 105)                 .FILL x0020
(30B1) 0045  0000000001000101 ( 105)                 .FILL x0045
(30B2) 006E  0000000001101110 ( 105)                 .FILL x006E
(30B3) 0064  0000000001100100 ( 105)                 .FILL x0064
(30B4) 0069  0000000001101001 ( 105)                 .FILL x0069
(30B5) 006E  0000000001101110 ( 105)                 .FILL x006E
(30B6) 0067  0000000001100111 ( 105)                 .FILL x0067
(30B7) 0020  0000000000100000 ( 105)                 .FILL x0020
(30B8) 0070  0000000001110000 ( 105)                 .FILL x0070
(30B9) 0072  0000000001110010 ( 105)                 .FILL x0072
(30BA) 006F  0000000001101111 ( 105)                 .FILL x006F
(30BB) 0067  0000000001100111 ( 105)                 .FILL x0067
(30BC) 0072  0000000001110010 ( 105)                 .FILL x0072
(30BD) 0061  0000000001100001 ( 105)                 .FILL x0061
(30BE) 006D  0000000001101101 ( 105)                 .FILL x006D
(30BF) 002E  0000000000101110 ( 105)                 .FILL x002E
(30C0) 000A  0000000000001010 ( 105)                 .FILL x000A
(30C1) 0000  0000000000000000 ( 105)                 .FILL x0000
(30C2) 7180  0111000110000000 ( 113) VALIDATE        STR   R0 R6 #0
(30C3) 7381  0111001110000001 ( 114)                 STR   R1 R6 #1
(30C4) 7582  0111010110000010 ( 115)                 STR   R2 R6 #2
(30C5) 7783  0111011110000011 ( 116)                 STR   R3 R6 #3
(30C6) 7984  0111100110000100 ( 117)                 STR   R4 R6 #4
(30C7) 7B85  0111101110000101 ( 118)                 STR   R5 R6 #5
(30C8) 7F87  0111111110000111 ( 119)                 STR   R7 R6 #7
(30C9) E163  1110000101100011 ( 127)                 LEA   R0 INP
(30CA) 5260  0101001001100000 ( 128)                 AND   R1 R1 #0
(30CB) 54A0  0101010010100000 ( 129)                 AND   R2 R2 #0
(30CC) 6600  0110011000000000 ( 130)                 LDR   R3 R0 #0
(30CD) 248E  0010010010001110 ( 134) VALLOOP         LD    R2 ASC_SP
(30CE) 94BF  1001010010111111 ( 135)                 NOT   R2 R2
(30CF) 14A1  0001010010100001 ( 136)                 ADD   R2 R2 #1
(30D0) 1683  0001011010000011 ( 137)                 ADD   R3 R2 R3
(30D1) 042F  0000010000101111 ( 138)                 BRZ   VALCONT
(30D2) 2489  0010010010001001 ( 139)                 LD    R2 ASC_SP
(30D3) 1683  0001011010000011 ( 140)                 ADD   R3 R2 R3
(30D4) 2483  0010010010000011 ( 142)                 LD    R2 ASC_UA
(30D5) 94BF  1001010010111111 ( 143)                 NOT   R2 R2
(30D6) 14A1  0001010010100001 ( 144)                 ADD   R2 R2 #1
(30D7) 5B60  0101101101100000 ( 145)                 AND   R5 R5 #0
(30D8) 1A85  0001101010000101 ( 146)                 ADD   R5 R2 R5
(30D9) 1AC5  0001101011000101 ( 147)                 ADD   R5 R3 R5
(30DA) 09B8  0000100110111000 ( 148)                 BRN   INVALID
(30DB) 247D  0010010001111101 ( 150)                 LD    R2 ASC_UZ
(30DC) 94BF  1001010010111111 ( 151)                 NOT   R2 R2
(30DD) 14A1  0001010010100001 ( 152)                 ADD   R2 R2 #1
(30DE) 1683  0001011010000011 ( 153)                 ADD   R3 R2 R3
(30DF) 0208  0000001000001000 ( 154)                 BRP   VALTLC
(30E0) 2477  0010010001110111 ( 155)                 LD    R2 ASC_UA
(30E1) 94BF  1001010010111111 ( 156)                 NOT   R2 R2
(30E2) 14A1  0001010010100001 ( 157)                 ADD   R2 R2 #1
(30E3) 1683  0001011010000011 ( 158)                 ADD   R3 R2 R3
(30E4) 54A0  0101010010100000 ( 159)                 AND   R2 R2 #0
(30E5) 2473  0010010001110011 ( 160)                 LD    R2 ASC_UZ
(30E6) 1683  0001011010000011 ( 161)                 ADD   R3 R2 R3
(30E7) 0E14  0000111000010100 ( 162)                 BRNZP ADDCOU
(30E8) 2470  0010010001110000 ( 165) VALTLC          LD    R2 ASC_UZ
(30E9) 1683  0001011010000011 ( 166)                 ADD   R3 R2 R3
(30EA) 246F  0010010001101111 ( 167)                 LD    R2 ASC_LA
(30EB) 94BF  1001010010111111 ( 168)                 NOT   R2 R2
(30EC) 14A1  0001010010100001 ( 169)                 ADD   R2 R2 #1
(30ED) 5B60  0101101101100000 ( 170)                 AND   R5 R5 #0
(30EE) 1A85  0001101010000101 ( 171)                 ADD   R5 R2 R5
(30EF) 1AC5  0001101011000101 ( 172)                 ADD   R5 R3 R5
(30F0) 09A2  0000100110100010 ( 173)                 BRN   INVALID
(30F1) 2469  0010010001101001 ( 175)                 LD    R2 ASC_LZ
(30F2) 94BF  1001010010111111 ( 176)                 NOT   R2 R2
(30F3) 14A1  0001010010100001 ( 177)                 ADD   R2 R2 #1
(30F4) 1683  0001011010000011 ( 178)                 ADD   R3 R2 R3
(30F5) 039D  0000001110011101 ( 180)                 BRP   INVALID
(30F6) 2464  0010010001100100 ( 181)                 LD    R2 ASC_LZ
(30F7) 1683  0001011010000011 ( 182)                 ADD   R3 R2 R3
(30F8) 54A0  0101010010100000 ( 183)                 AND   R2 R2 #0
(30F9) 14B0  0001010010110000 ( 184)                 ADD   R2 R2 #-16
(30FA) 14B0  0001010010110000 ( 185)                 ADD   R2 R2 #-16
(30FB) 1683  0001011010000011 ( 186)                 ADD   R3 R2 R3
(30FC) E039  1110000000111001 ( 189) ADDCOU          LEA   R0 COUNTS
(30FD) 1005  0001000000000101 ( 190)                 ADD   R0 R0 R5
(30FE) 6400  0110010000000000 ( 191)                 LDR   R2 R0 #0
(30FF) 14A1  0001010010100001 ( 192)                 ADD   R2 R2 #1
(3100) 7400  0111010000000000 ( 193)                 STR   R2 R0 #0
(3101) 1261  0001001001100001 ( 196) VALCONT         ADD   R1 R1 #1
(3102) E12A  1110000100101010 ( 197)                 LEA   R0 INP
(3103) 1001  0001000000000001 ( 198)                 ADD   R0 R0 R1
(3104) 6600  0110011000000000 ( 199)                 LDR   R3 R0 #0
(3105) 0401  0000010000000001 ( 200)                 BRZ   VALEXIT
(3106) 0FC6  0000111111000110 ( 201)                 BRNZP VALLOOP
(3107) 6180  0110000110000000 ( 205) VALEXIT         LDR   R0 R6 #0
(3108) 6381  0110001110000001 ( 206)                 LDR   R1 R6 #1
(3109) 6582  0110010110000010 ( 207)                 LDR   R2 R6 #2
(310A) 6783  0110011110000011 ( 208)                 LDR   R3 R6 #3
(310B) 6984  0110100110000100 ( 209)                 LDR   R4 R6 #4
(310C) 6B85  0110101110000101 ( 210)                 LDR   R5 R6 #5
(310D) 6F87  0110111110000111 ( 211)                 LDR   R7 R6 #7
(310E) C1C0  1100000111000000 ( 212)                 RET   
(310F) 7180  0111000110000000 ( 221) OUTPUT          STR   R0 R6 #0
(3110) 7381  0111001110000001 ( 222)                 STR   R1 R6 #1
(3111) 7582  0111010110000010 ( 223)                 STR   R2 R6 #2
(3112) 7783  0111011110000011 ( 224)                 STR   R3 R6 #3
(3113) 7984  0111100110000100 ( 225)                 STR   R4 R6 #4
(3114) 7B85  0111101110000101 ( 226)                 STR   R5 R6 #5
(3115) 7F87  0111111110000111 ( 227)                 STR   R7 R6 #7
(3116) 5260  0101001001100000 ( 229)                 AND   R1 R1 #0
(3117) 1471  0001010001110001 ( 232) OUTLOOP         ADD   R2 R1 #-15
(3118) 14B5  0001010010110101 ( 233)                 ADD   R2 R2 #-11
(3119) 0414  0000010000010100 ( 234)                 BRZ   OUTDONE
(311A) E61B  1110011000011011 ( 236)                 LEA   R3 COUNTS
(311B) 16C1  0001011011000001 ( 237)                 ADD   R3 R3 R1
(311C) 68C0  0110100011000000 ( 239)                 LDR   R4 R3 #0
(311D) 040E  0000010000001110 ( 241)                 BRZ   NEXTCHAR
(311E) E040  1110000001000000 ( 243)                 LEA   R0 OUTPUT1
(311F) F022  1111000000100010 ( 244)                 TRAP  x22
(3120) 2A37  0010101000110111 ( 246)                 LD    R5 ASC_UA
(3121) 1045  0001000001000101 ( 247)                 ADD   R0 R1 R5
(3122) F021  1111000000100001 ( 248)                 TRAP  x21
(3123) E045  1110000001000101 ( 250)                 LEA   R0 OUTPUT2
(3124) F022  1111000000100010 ( 251)                 TRAP  x22
(3125) 2A32  0010101000110010 ( 253)                 LD    R5 ASC_UA
(3126) 1B70  0001101101110000 ( 254)                 ADD   R5 R5 #-16
(3127) 1B7F  0001101101111111 ( 255)                 ADD   R5 R5 #-1
(3128) 1105  0001000100000101 ( 256)                 ADD   R0 R4 R5
(3129) F021  1111000000100001 ( 257)                 TRAP  x21
(312A) 2032  0010000000110010 ( 259)                 LD    R0 ASC_NL
(312B) F021  1111000000100001 ( 260)                 TRAP  x21
(312C) 1261  0001001001100001 ( 263) NEXTCHAR        ADD   R1 R1 #1
(312D) 0FE9  0000111111101001 ( 264)                 BRNZP OUTLOOP
(312E) 6180  0110000110000000 ( 267) OUTDONE         LDR   R0 R6 #0
(312F) 6381  0110001110000001 ( 268)                 LDR   R1 R6 #1
(3130) 6582  0110010110000010 ( 269)                 LDR   R2 R6 #2
(3131) 6783  0110011110000011 ( 270)                 LDR   R3 R6 #3
(3132) 6984  0110100110000100 ( 271)                 LDR   R4 R6 #4
(3133) 6B85  0110101110000101 ( 272)                 LDR   R5 R6 #5
(3134) 6F87  0110111110000111 ( 273)                 LDR   R7 R6 #7
(3135) C1C0  1100000111000000 ( 274)                 RET   
(3136) 0000  0000000000000000 ( 281) COUNTS          .FILL x0000
(3137) 0000  0000000000000000 ( 281)                 .FILL x0000
(3138) 0000  0000000000000000 ( 281)                 .FILL x0000
(3139) 0000  0000000000000000 ( 281)                 .FILL x0000
(313A) 0000  0000000000000000 ( 281)                 .FILL x0000
(313B) 0000  0000000000000000 ( 281)                 .FILL x0000
(313C) 0000  0000000000000000 ( 281)                 .FILL x0000
(313D) 0000  0000000000000000 ( 281)                 .FILL x0000
(313E) 0000  0000000000000000 ( 281)                 .FILL x0000
(313F) 0000  0000000000000000 ( 281)                 .FILL x0000
(3140) 0000  0000000000000000 ( 281)                 .FILL x0000
(3141) 0000  0000000000000000 ( 281)                 .FILL x0000
(3142) 0000  0000000000000000 ( 281)                 .FILL x0000
(3143) 0000  0000000000000000 ( 281)                 .FILL x0000
(3144) 0000  0000000000000000 ( 281)                 .FILL x0000
(3145) 0000  0000000000000000 ( 281)                 .FILL x0000
(3146) 0000  0000000000000000 ( 281)                 .FILL x0000
(3147) 0000  0000000000000000 ( 281)                 .FILL x0000
(3148) 0000  0000000000000000 ( 281)                 .FILL x0000
(3149) 0000  0000000000000000 ( 281)                 .FILL x0000
(314A) 0000  0000000000000000 ( 281)                 .FILL x0000
(314B) 0000  0000000000000000 ( 281)                 .FILL x0000
(314C) 0000  0000000000000000 ( 281)                 .FILL x0000
(314D) 0000  0000000000000000 ( 281)                 .FILL x0000
(314E) 0000  0000000000000000 ( 281)                 .FILL x0000
(314F) 0000  0000000000000000 ( 281)                 .FILL x0000
(3150) 0000  0000000000000000 ( 283) RSA             .FILL x0000
(3151) 0000  0000000000000000 ( 283)                 .FILL x0000
(3152) 0000  0000000000000000 ( 283)                 .FILL x0000
(3153) 0000  0000000000000000 ( 283)                 .FILL x0000
(3154) 0000  0000000000000000 ( 283)                 .FILL x0000
(3155) 0000  0000000000000000 ( 283)                 .FILL x0000
(3156) 0000  0000000000000000 ( 283)                 .FILL x0000
(3157) 0000  0000000000000000 ( 283)                 .FILL x0000
(3158) 0041  0000000001000001 ( 283) ASC_UA          .FILL x0041
(3159) 005A  0000000001011010 ( 284) ASC_UZ          .FILL x005A
(315A) 0061  0000000001100001 ( 285) ASC_LA          .FILL x0061
(315B) 007A  0000000001111010 ( 286) ASC_LZ          .FILL x007A
(315C) 0020  0000000000100000 ( 287) ASC_SP          .FILL x0020
(315D) 000A  0000000000001010 ( 288) ASC_NL          .FILL x000A
(315E) 0032  0000000000110010 ( 289) IN_LEN          .FILL x0032
(315F) 0043  0000000001000011 ( 291) OUTPUT1         .FILL x0043
(3160) 006F  0000000001101111 ( 291)                 .FILL x006F
(3161) 0075  0000000001110101 ( 291)                 .FILL x0075
(3162) 006E  0000000001101110 ( 291)                 .FILL x006E
(3163) 0074  0000000001110100 ( 291)                 .FILL x0074
(3164) 0020  0000000000100000 ( 291)                 .FILL x0020
(3165) 006F  0000000001101111 ( 291)                 .FILL x006F
(3166) 0066  0000000001100110 ( 291)                 .FILL x0066
(3167) 0020  0000000000100000 ( 291)                 .FILL x0020
(3168) 0000  0000000000000000 ( 291)                 .FILL x0000
(3169) 0020  0000000000100000 ( 292) OUTPUT2         .FILL x0020
(316A) 0069  0000000001101001 ( 292)                 .FILL x0069
(316B) 0073  0000000001110011 ( 292)                 .FILL x0073
(316C) 0020  0000000000100000 ( 292)                 .FILL x0020
(316D) 0000  0000000000000000 ( 292)                 .FILL x0000
